# JRE version: Java(TM) SE Runtime Environment (8.0_73-b02) (build 1.8.0_73-b02)
# Java VM: Java HotSpot(TM) 64-Bit Server VM (25.73-b02 mixed mode windows-amd64 compressed oops)
Heap:
 PSYoungGen      total 237568K, used 98719K [0x00000000eab00000, 0x00000000fe200000, 0x0000000100000000)
  eden space 177152K, 44% used [0x00000000eab00000,0x00000000ef8bf5d0,0x00000000f5800000)
  from space 60416K, 31% used [0x00000000f9100000,0x00000000fa3a88e0,0x00000000fcc00000)
  to   space 58368K, 0% used [0x00000000f5800000,0x00000000f5800000,0x00000000f9100000)
 ParOldGen       total 248320K, used 127116K [0x00000000c0000000, 0x00000000cf280000, 0x00000000eab00000)
  object space 248320K, 51% used [0x00000000c0000000,0x00000000c7c23050,0x00000000cf280000)
 Metaspace       used 6480K, capacity 7256K, committed 7424K, reserved 1056768K
  class space    used 621K, capacity 656K, committed 768K, reserved 1048576K
GC Heap History (10 events):
Event: 3.298 GC heap before
{Heap before GC invocations=4 (full 1):
 PSYoungGen      total 71680K, used 5096K [0x00000000eab00000, 0x00000000f3700000, 0x0000000100000000)
  eden space 66560K, 0% used [0x00000000eab00000,0x00000000eab00000,0x00000000eec00000)
  from space 5120K, 99% used [0x00000000eec00000,0x00000000ef0fa1e8,0x00000000ef100000)
  to   space 5120K, 0% used [0x00000000f3200000,0x00000000f3200000,0x00000000f3700000)
 ParOldGen       total 87552K, used 67687K [0x00000000c0000000, 0x00000000c5580000, 0x00000000eab00000)
  object space 87552K, 77% used [0x00000000c0000000,0x00000000c4219ea8,0x00000000c5580000)
 Metaspace       used 6148K, capacity 7028K, committed 7296K, reserved 1056768K
  class space    used 600K, capacity 620K, committed 640K, reserved 1048576K
Event: 3.776 GC heap after
Heap after GC invocations=4 (full 1):
 PSYoungGen      total 71680K, used 0K [0x00000000eab00000, 0x00000000f3700000, 0x0000000100000000)
  eden space 66560K, 0% used [0x00000000eab00000,0x00000000eab00000,0x00000000eec00000)
  from space 5120K, 0% used [0x00000000eec00000,0x00000000eec00000,0x00000000ef100000)
  to   space 5120K, 0% used [0x00000000f3200000,0x00000000f3200000,0x00000000f3700000)
 ParOldGen       total 168448K, used 64878K [0x00000000c0000000, 0x00000000ca480000, 0x00000000eab00000)
  object space 168448K, 38% used [0x00000000c0000000,0x00000000c3f5bb08,0x00000000ca480000)
 Metaspace       used 6148K, capacity 7028K, committed 7296K, reserved 1056768K
  class space    used 600K, capacity 620K, committed 640K, reserved 1048576K
}
Event: 3.799 GC heap before
{Heap before GC invocations=5 (full 1):
 PSYoungGen      total 71680K, used 66560K [0x00000000eab00000, 0x00000000f3700000, 0x0000000100000000)
  eden space 66560K, 100% used [0x00000000eab00000,0x00000000eec00000,0x00000000eec00000)
  from space 5120K, 0% used [0x00000000eec00000,0x00000000eec00000,0x00000000ef100000)
  to   space 5120K, 0% used [0x00000000f3200000,0x00000000f3200000,0x00000000f3700000)
 ParOldGen       total 168448K, used 64878K [0x00000000c0000000, 0x00000000ca480000, 0x00000000eab00000)
  object space 168448K, 38% used [0x00000000c0000000,0x00000000c3f5bb08,0x00000000ca480000)
 Metaspace       used 6150K, capacity 7028K, committed 7296K, reserved 1056768K
  class space    used 600K, capacity 620K, committed 640K, reserved 1048576K
Event: 3.830 GC heap after
Heap after GC invocations=5 (full 1):
 PSYoungGen      total 113664K, used 5120K [0x00000000eab00000, 0x00000000f3700000, 0x0000000100000000)
  eden space 108544K, 0% used [0x00000000eab00000,0x00000000eab00000,0x00000000f1500000)
  from space 5120K, 100% used [0x00000000f3200000,0x00000000f3700000,0x00000000f3700000)
  to   space 5120K, 0% used [0x00000000f2d00000,0x00000000f2d00000,0x00000000f3200000)
 ParOldGen       total 168448K, used 101182K [0x00000000c0000000, 0x00000000ca480000, 0x00000000eab00000)
  object space 168448K, 60% used [0x00000000c0000000,0x00000000c62cfb08,0x00000000ca480000)
 Metaspace       used 6150K, capacity 7028K, committed 7296K, reserved 1056768K
  class space    used 600K, capacity 620K, committed 640K, reserved 1048576K
}
Event: 4.006 GC heap before
{Heap before GC invocations=6 (full 1):
 PSYoungGen      total 113664K, used 113664K [0x00000000eab00000, 0x00000000f3700000, 0x0000000100000000)
  eden space 108544K, 100% used [0x00000000eab00000,0x00000000f1500000,0x00000000f1500000)
  from space 5120K, 100% used [0x00000000f3200000,0x00000000f3700000,0x00000000f3700000)
  to   space 5120K, 0% used [0x00000000f2d00000,0x00000000f2d00000,0x00000000f3200000)
 ParOldGen       total 168448K, used 101182K [0x00000000c0000000, 0x00000000ca480000, 0x00000000eab00000)
  object space 168448K, 60% used [0x00000000c0000000,0x00000000c62cfb08,0x00000000ca480000)
 Metaspace       used 6235K, capacity 7092K, committed 7296K, reserved 1056768K
  class space    used 601K, capacity 620K, committed 640K, reserved 1048576K
Event: 4.037 GC heap after
Heap after GC invocations=6 (full 1):
 PSYoungGen      total 138240K, used 5105K [0x00000000eab00000, 0x00000000fcc00000, 0x0000000100000000)
  eden space 133120K, 0% used [0x00000000eab00000,0x00000000eab00000,0x00000000f2d00000)
  from space 5120K, 99% used [0x00000000f2d00000,0x00000000f31fc770,0x00000000f3200000)
  to   space 60416K, 0% used [0x00000000f9100000,0x00000000f9100000,0x00000000fcc00000)
 ParOldGen       total 168448K, used 124161K [0x00000000c0000000, 0x00000000ca480000, 0x00000000eab00000)
  object space 168448K, 73% used [0x00000000c0000000,0x00000000c7940780,0x00000000ca480000)
 Metaspace       used 6235K, capacity 7092K, committed 7296K, reserved 1056768K
  class space    used 601K, capacity 620K, committed 640K, reserved 1048576K
}
Event: 4.037 GC heap before
{Heap before GC invocations=7 (full 2):
 PSYoungGen      total 138240K, used 5105K [0x00000000eab00000, 0x00000000fcc00000, 0x0000000100000000)
  eden space 133120K, 0% used [0x00000000eab00000,0x00000000eab00000,0x00000000f2d00000)
  from space 5120K, 99% used [0x00000000f2d00000,0x00000000f31fc770,0x00000000f3200000)
  to   space 60416K, 0% used [0x00000000f9100000,0x00000000f9100000,0x00000000fcc00000)
 ParOldGen       total 168448K, used 124161K [0x00000000c0000000, 0x00000000ca480000, 0x00000000eab00000)
  object space 168448K, 73% used [0x00000000c0000000,0x00000000c7940780,0x00000000ca480000)
 Metaspace       used 6235K, capacity 7092K, committed 7296K, reserved 1056768K
  class space    used 601K, capacity 620K, committed 640K, reserved 1048576K
Event: 4.128 GC heap after
Heap after GC invocations=7 (full 2):
 PSYoungGen      total 138240K, used 0K [0x00000000eab00000, 0x00000000fcc00000, 0x0000000100000000)
  eden space 133120K, 0% used [0x00000000eab00000,0x00000000eab00000,0x00000000f2d00000)
  from space 5120K, 0% used [0x00000000f2d00000,0x00000000f2d00000,0x00000000f3200000)
  to   space 60416K, 0% used [0x00000000f9100000,0x00000000f9100000,0x00000000fcc00000)
 ParOldGen       total 248320K, used 127116K [0x00000000c0000000, 0x00000000cf280000, 0x00000000eab00000)
  object space 248320K, 51% used [0x00000000c0000000,0x00000000c7c23050,0x00000000cf280000)
 Metaspace       used 6235K, capacity 7092K, committed 7296K, reserved 1056768K
  class space    used 601K, capacity 620K, committed 640K, reserved 1048576K
}
Event: 4.888 GC heap before
{Heap before GC invocations=8 (full 2):
 PSYoungGen      total 138240K, used 133120K [0x00000000eab00000, 0x00000000fcc00000, 0x0000000100000000)
  eden space 133120K, 100% used [0x00000000eab00000,0x00000000f2d00000,0x00000000f2d00000)
  from space 5120K, 0% used [0x00000000f2d00000,0x00000000f2d00000,0x00000000f3200000)
  to   space 60416K, 0% used [0x00000000f9100000,0x00000000f9100000,0x00000000fcc00000)
 ParOldGen       total 248320K, used 127116K [0x00000000c0000000, 0x00000000cf280000, 0x00000000eab00000)
  object space 248320K, 51% used [0x00000000c0000000,0x00000000c7c23050,0x00000000cf280000)
 Metaspace       used 6257K, capacity 7092K, committed 7296K, reserved 1056768K
  class space    used 602K, capacity 620K, committed 640K, reserved 1048576K
Event: 5.131 GC heap after
Heap after GC invocations=8 (full 2):
 PSYoungGen      total 237568K, used 19106K [0x00000000eab00000, 0x00000000fe200000, 0x0000000100000000)
  eden space 177152K, 0% used [0x00000000eab00000,0x00000000eab00000,0x00000000f5800000)
  from space 60416K, 31% used [0x00000000f9100000,0x00000000fa3a88e0,0x00000000fcc00000)
  to   space 58368K, 0% used [0x00000000f5800000,0x00000000f5800000,0x00000000f9100000)
 ParOldGen       total 248320K, used 127116K [0x00000000c0000000, 0x00000000cf280000, 0x00000000eab00000)
  object space 248320K, 51% used [0x00000000c0000000,0x00000000c7c23050,0x00000000cf280000)
 Metaspace       used 6257K, capacity 7092K, committed 7296K, reserved 1056768K
  class space    used 602K, capacity 620K, committed 640K, reserved 1048576K
}

