# JRE version: Java(TM) SE Runtime Environment (8.0_73-b02) (build 1.8.0_73-b02)
# Java VM: Java HotSpot(TM) 64-Bit Server VM (25.73-b02 mixed mode windows-amd64 compressed oops)
Heap:
 PSYoungGen      total 254464K, used 29120K [0x00000000eab00000, 0x00000000fdf80000, 0x0000000100000000)
  eden space 194560K, 4% used [0x00000000eab00000,0x00000000eb30eb00,0x00000000f6900000)
  from space 59904K, 34% used [0x00000000fa100000,0x00000000fb561540,0x00000000fdb80000)
  to   space 57344K, 0% used [0x00000000f6900000,0x00000000f6900000,0x00000000fa100000)
 ParOldGen       total 249344K, used 125773K [0x00000000c0000000, 0x00000000cf380000, 0x00000000eab00000)
  object space 249344K, 50% used [0x00000000c0000000,0x00000000c7ad3558,0x00000000cf380000)
 Metaspace       used 6168K, capacity 7028K, committed 7296K, reserved 1056768K
  class space    used 602K, capacity 620K, committed 640K, reserved 1048576K
GC Heap History (10 events):
Event: 2.702 GC heap before
{Heap before GC invocations=4 (full 1):
 PSYoungGen      total 71680K, used 5093K [0x00000000eab00000, 0x00000000f3700000, 0x0000000100000000)
  eden space 66560K, 0% used [0x00000000eab00000,0x00000000eab00000,0x00000000eec00000)
  from space 5120K, 99% used [0x00000000eec00000,0x00000000ef0f9708,0x00000000ef100000)
  to   space 5120K, 0% used [0x00000000f3200000,0x00000000f3200000,0x00000000f3700000)
 ParOldGen       total 87552K, used 60523K [0x00000000c0000000, 0x00000000c5580000, 0x00000000eab00000)
  object space 87552K, 69% used [0x00000000c0000000,0x00000000c3b1ad28,0x00000000c5580000)
 Metaspace       used 6112K, capacity 7028K, committed 7296K, reserved 1056768K
  class space    used 600K, capacity 620K, committed 640K, reserved 1048576K
Event: 2.884 GC heap after
Heap after GC invocations=4 (full 1):
 PSYoungGen      total 71680K, used 0K [0x00000000eab00000, 0x00000000f3700000, 0x0000000100000000)
  eden space 66560K, 0% used [0x00000000eab00000,0x00000000eab00000,0x00000000eec00000)
  from space 5120K, 0% used [0x00000000eec00000,0x00000000eec00000,0x00000000ef100000)
  to   space 5120K, 0% used [0x00000000f3200000,0x00000000f3200000,0x00000000f3700000)
 ParOldGen       total 158208K, used 58309K [0x00000000c0000000, 0x00000000c9a80000, 0x00000000eab00000)
  object space 158208K, 36% used [0x00000000c0000000,0x00000000c38f17a0,0x00000000c9a80000)
 Metaspace       used 6112K, capacity 7028K, committed 7296K, reserved 1056768K
  class space    used 600K, capacity 620K, committed 640K, reserved 1048576K
}
Event: 2.963 GC heap before
{Heap before GC invocations=5 (full 1):
 PSYoungGen      total 71680K, used 66560K [0x00000000eab00000, 0x00000000f3700000, 0x0000000100000000)
  eden space 66560K, 100% used [0x00000000eab00000,0x00000000eec00000,0x00000000eec00000)
  from space 5120K, 0% used [0x00000000eec00000,0x00000000eec00000,0x00000000ef100000)
  to   space 5120K, 0% used [0x00000000f3200000,0x00000000f3200000,0x00000000f3700000)
 ParOldGen       total 158208K, used 58309K [0x00000000c0000000, 0x00000000c9a80000, 0x00000000eab00000)
  object space 158208K, 36% used [0x00000000c0000000,0x00000000c38f17a0,0x00000000c9a80000)
 Metaspace       used 6113K, capacity 7028K, committed 7296K, reserved 1056768K
  class space    used 600K, capacity 620K, committed 640K, reserved 1048576K
Event: 3.092 GC heap after
Heap after GC invocations=5 (full 1):
 PSYoungGen      total 118784K, used 5120K [0x00000000eab00000, 0x00000000f3700000, 0x0000000100000000)
  eden space 113664K, 0% used [0x00000000eab00000,0x00000000eab00000,0x00000000f1a00000)
  from space 5120K, 100% used [0x00000000f3200000,0x00000000f3700000,0x00000000f3700000)
  to   space 5120K, 0% used [0x00000000f2d00000,0x00000000f2d00000,0x00000000f3200000)
 ParOldGen       total 158208K, used 96981K [0x00000000c0000000, 0x00000000c9a80000, 0x00000000eab00000)
  object space 158208K, 61% used [0x00000000c0000000,0x00000000c5eb57a0,0x00000000c9a80000)
 Metaspace       used 6113K, capacity 7028K, committed 7296K, reserved 1056768K
  class space    used 600K, capacity 620K, committed 640K, reserved 1048576K
}
Event: 3.364 GC heap before
{Heap before GC invocations=6 (full 1):
 PSYoungGen      total 118784K, used 118784K [0x00000000eab00000, 0x00000000f3700000, 0x0000000100000000)
  eden space 113664K, 100% used [0x00000000eab00000,0x00000000f1a00000,0x00000000f1a00000)
  from space 5120K, 100% used [0x00000000f3200000,0x00000000f3700000,0x00000000f3700000)
  to   space 5120K, 0% used [0x00000000f2d00000,0x00000000f2d00000,0x00000000f3200000)
 ParOldGen       total 158208K, used 96981K [0x00000000c0000000, 0x00000000c9a80000, 0x00000000eab00000)
  object space 158208K, 61% used [0x00000000c0000000,0x00000000c5eb57a0,0x00000000c9a80000)
 Metaspace       used 6159K, capacity 7028K, committed 7296K, reserved 1056768K
  class space    used 602K, capacity 620K, committed 640K, reserved 1048576K
Event: 3.396 GC heap after
Heap after GC invocations=6 (full 1):
 PSYoungGen      total 138240K, used 5088K [0x00000000eab00000, 0x00000000fdb80000, 0x0000000100000000)
  eden space 133120K, 0% used [0x00000000eab00000,0x00000000eab00000,0x00000000f2d00000)
  from space 5120K, 99% used [0x00000000f2d00000,0x00000000f31f8010,0x00000000f3200000)
  to   space 59904K, 0% used [0x00000000fa100000,0x00000000fa100000,0x00000000fdb80000)
 ParOldGen       total 158208K, used 124440K [0x00000000c0000000, 0x00000000c9a80000, 0x00000000eab00000)
  object space 158208K, 78% used [0x00000000c0000000,0x00000000c79860e8,0x00000000c9a80000)
 Metaspace       used 6159K, capacity 7028K, committed 7296K, reserved 1056768K
  class space    used 602K, capacity 620K, committed 640K, reserved 1048576K
}
Event: 3.396 GC heap before
{Heap before GC invocations=7 (full 2):
 PSYoungGen      total 138240K, used 5088K [0x00000000eab00000, 0x00000000fdb80000, 0x0000000100000000)
  eden space 133120K, 0% used [0x00000000eab00000,0x00000000eab00000,0x00000000f2d00000)
  from space 5120K, 99% used [0x00000000f2d00000,0x00000000f31f8010,0x00000000f3200000)
  to   space 59904K, 0% used [0x00000000fa100000,0x00000000fa100000,0x00000000fdb80000)
 ParOldGen       total 158208K, used 124440K [0x00000000c0000000, 0x00000000c9a80000, 0x00000000eab00000)
  object space 158208K, 78% used [0x00000000c0000000,0x00000000c79860e8,0x00000000c9a80000)
 Metaspace       used 6159K, capacity 7028K, committed 7296K, reserved 1056768K
  class space    used 602K, capacity 620K, committed 640K, reserved 1048576K
Event: 3.498 GC heap after
Heap after GC invocations=7 (full 2):
 PSYoungGen      total 138240K, used 0K [0x00000000eab00000, 0x00000000fdb80000, 0x0000000100000000)
  eden space 133120K, 0% used [0x00000000eab00000,0x00000000eab00000,0x00000000f2d00000)
  from space 5120K, 0% used [0x00000000f2d00000,0x00000000f2d00000,0x00000000f3200000)
  to   space 59904K, 0% used [0x00000000fa100000,0x00000000fa100000,0x00000000fdb80000)
 ParOldGen       total 249344K, used 125773K [0x00000000c0000000, 0x00000000cf380000, 0x00000000eab00000)
  object space 249344K, 50% used [0x00000000c0000000,0x00000000c7ad3558,0x00000000cf380000)
 Metaspace       used 6159K, capacity 7028K, committed 7296K, reserved 1056768K
  class space    used 602K, capacity 620K, committed 640K, reserved 1048576K
}
Event: 4.477 GC heap before
{Heap before GC invocations=8 (full 2):
 PSYoungGen      total 138240K, used 133120K [0x00000000eab00000, 0x00000000fdb80000, 0x0000000100000000)
  eden space 133120K, 100% used [0x00000000eab00000,0x00000000f2d00000,0x00000000f2d00000)
  from space 5120K, 0% used [0x00000000f2d00000,0x00000000f2d00000,0x00000000f3200000)
  to   space 59904K, 0% used [0x00000000fa100000,0x00000000fa100000,0x00000000fdb80000)
 ParOldGen       total 249344K, used 125773K [0x00000000c0000000, 0x00000000cf380000, 0x00000000eab00000)
  object space 249344K, 50% used [0x00000000c0000000,0x00000000c7ad3558,0x00000000cf380000)
 Metaspace       used 6165K, capacity 7028K, committed 7296K, reserved 1056768K
  class space    used 602K, capacity 620K, committed 640K, reserved 1048576K
Event: 4.549 GC heap after
Heap after GC invocations=8 (full 2):
 PSYoungGen      total 254464K, used 20869K [0x00000000eab00000, 0x00000000fdf80000, 0x0000000100000000)
  eden space 194560K, 0% used [0x00000000eab00000,0x00000000eab00000,0x00000000f6900000)
  from space 59904K, 34% used [0x00000000fa100000,0x00000000fb561540,0x00000000fdb80000)
  to   space 57344K, 0% used [0x00000000f6900000,0x00000000f6900000,0x00000000fa100000)
 ParOldGen       total 249344K, used 125773K [0x00000000c0000000, 0x00000000cf380000, 0x00000000eab00000)
  object space 249344K, 50% used [0x00000000c0000000,0x00000000c7ad3558,0x00000000cf380000)
 Metaspace       used 6165K, capacity 7028K, committed 7296K, reserved 1056768K
  class space    used 602K, capacity 620K, committed 640K, reserved 1048576K
}

